
Clock DAG stats:
================

-------------------------------------------------------------
Cell type                     Count    Area       Capacitance
-------------------------------------------------------------
Buffers                        218     284.602      79.892
Inverters                        0       0.000       0.000
Integrated Clock Gates           0       0.000       0.000
Non-Integrated Clock Gates       0       0.000       0.000
Clock Logic                      0       0.000       0.000
All                            218     284.602      79.892
-------------------------------------------------------------


Clock DAG wire lengths:
=======================

--------------------
Type     Wire Length
--------------------
Top           0.000
Trunk      3940.440
Leaf      12921.168
Total     16861.608
--------------------


Clock DAG capacitances:
=======================

----------------------------------------
Type     Gate        Wire       Total
----------------------------------------
Top         0.000      0.000       0.000
Trunk      79.889     94.909     174.799
Leaf     1054.207    339.841    1394.047
Total    1134.096    434.750    1568.846
----------------------------------------


Clock DAG sink capacitances:
============================

-----------------------------------------------------------
Count    Total       Average    Std. Dev.    Min      Max
-----------------------------------------------------------
3206     1054.207     0.329       0.000      0.329    0.329
-----------------------------------------------------------


Clock DAG net violations:
=========================

None


Clock DAG primary half-corner transition distribution:
======================================================

-------------------------------------------------------------------------------------------------------------------------------------------
Net Type    Target    Count    Average    Std. Dev.    Min     Max     Distribution                                             Over Target
-------------------------------------------------------------------------------------------------------------------------------------------
Trunk       100.0       18      29.2        16.3        4.7    76.3    {5 <= 20.0ps, 11 <= 40.0ps, 1 <= 60.0ps, 1 <= 80.0ps}         -
Leaf        100.0      201      41.0        20.2       12.2    95.6    {1 <= 20.0ps, 170 <= 40.0ps, 30 <= 100.0ps}                   -
-------------------------------------------------------------------------------------------------------------------------------------------


Clock DAG library cell distribution:
====================================

----------------------------------------------------
Name                   Type      Inst     Inst Area 
                                 Count    (um^2)
----------------------------------------------------
BUFx24_ASAP7_75t_R     buffer       2       13.997
BUFx16f_ASAP7_75t_R    buffer       1        5.132
BUFx12f_ASAP7_75t_R    buffer       4       16.796
BUFx10_ASAP7_75t_R     buffer       1        3.266
BUFx8_ASAP7_75t_R      buffer       1        2.799
BUFx6f_ASAP7_75t_R     buffer       2        4.666
BUFx5_ASAP7_75t_R      buffer       3        5.599
BUFx4_ASAP7_75t_R      buffer       2        3.266
BUFx3_ASAP7_75t_R      buffer       2        2.799
BUFx2_ASAP7_75t_R      buffer     170      198.288
HB1xp67_ASAP7_75t_R    buffer      30       27.994
----------------------------------------------------



Please note that the following tables reflect only the defined clock trees, so the flop counts might not include all flops in your design.

Clock Tree Summary:
===================

-------------------------------------------------------------------------------------------------------------------------------------------------------------------------------------------------------------
Clock Tree  # Posedge  # Negedge  # RAM  # Enable  # Non enable  # Other  # Clock  # Bufs  # Invs  # Other  # Implicit  Max       Max     Max      Max          Standard   Wire     Gate      Clock Tree Root
Name        Flops      Flops      Clock  Latch     Latch         Sinks    Gates                    Clock    ignore/     Non-leaf  Leaf    Length   Source-sink  cell area  cap      cap       
                                  Pins   Sinks     Sinks                                           Cells    stop pins   Fanout    Fanout  (um)     Resistance   (um^2)     (fF)     (fF)      
                                                                                                                                                   (Ohms)                                     
-------------------------------------------------------------------------------------------------------------------------------------------------------------------------------------------------------------
clk           3206         0        0       0           0           0        0      218      0        0         0          16       16    305.232    40197.3     284.602   434.750  1134.096  clk
-------------------------------------------------------------------------------------------------------------------------------------------------------------------------------------------------------------

Summary across all clock trees :
================================

---------------------------------------------------------------------------------------------------------------------------------------------------------------------------------------------------
# Posedge  # Negedge  # RAM  # Enable  # Non enable  # Other  # Clock  # Bufs  # Invs  # Other  # Implicit  Max       Average   Max     Average  Max      Max          Standard   Wire     Gate
Flops      Flops      Clock  Latch     Latch         Sinks    Gates                    Clock    ignore/     Non-leaf  Non-leaf  Leaf    Leaf     Length   Source-sink  cell area  cap      cap
                      Pins   Sinks     Sinks                                           Cells    stop pins   Fanout    Fanout    Fanout  Fanout   (um)     Resistance   (um^2)     (fF)     (fF)
                                                                                                                                                          (Ohms)                           
---------------------------------------------------------------------------------------------------------------------------------------------------------------------------------------------------
  3206         0        0       0           0           0        0      218      0        0         0          16     12.1111     16    15.9502  305.232   4019.735     284.602   434.750  1134.096
---------------------------------------------------------------------------------------------------------------------------------------------------------------------------------------------------

Physical metrics across all clock trees
=======================================

------------------------------------------------------------------------
Metric                               Minimum  Average  Maximum   Std.dev
------------------------------------------------------------------------
Source-sink routed net length (um)    15.648   36.443   305.232   34.575
Source-sink manhattan distance (um)   12.528   33.090   265.392   30.652
Source-sink resistance (Ohm)         302.283  614.752  4019.735  514.997
------------------------------------------------------------------------

Count of violations across all clock trees:
===========================================

---------------------------------------------------------------------------------------
Clock Tree  # Max capacitance  # Max resistance  # Max length  # Max fanout  # Slew
Name        violations         violations        violations    violations    violations
---------------------------------------------------------------------------------------
clk                 0                 0               0             0            0
---------------------------------------------------------------------------------------
Total               0                 0               0             0            0
---------------------------------------------------------------------------------------

Note the above table per clock tree is based on CCOpt clock tree view. The violations are counted across half corners.

Found a total of 0 clock tree pins with max capacitance violations.
Found a total of 0 clock tree nets with max resistance violations.
Found a total of 0 clock tree nets with max length violations.
Found a total of 0 clock tree nets with max fanout violations.
Found a total of 0 clock tree pins with a slew violation.

Report for clock tree: clk
==========================

Clock Tree Gating Structure (Logical):

# Full cycle clock gates   : 0
Minimum clock gating depth : 0
Maximum clock gating depth : 0
Clock gate area (um^2)     : 0.000

Clock Tree Buffering Structure (Logical):

# Buffers             : 218
# Inverters           :   0
  Total               : 218
Minimum depth         :   4
Maximum depth         :   4
Buffering area (um^2) : 284.602

Clock Tree Level Structure (Logical):

---------------------------------------------------------------------------
Level  # Full  # Posedge  # Negedge  # RAM  # Enable  # Non enable  # Other
       Cycle   Flops      Flops      Clock  Latch     Latch         Sinks
                                     Pins   Sinks     Sinks         
---------------------------------------------------------------------------
root     0       3206         0        0       0           0           0
---------------------------------------------------------------------------
Total    0       3206         0        0       0           0           0
---------------------------------------------------------------------------

Target and measured clock slews (in ps):

---------------------------------------------------------------------------------------------------------------------------------------
Timing Corner                 Worst Rising  Worst Falling  Worst Rising  Worst Falling  Leaf Slew    Leaf Slew  Trunk Slew   Trunk Slew
                              Leaf Slew     Leaf Slew      Trunk Slew    Trunk Slew     Target Type  Target     Target Type  Target
---------------------------------------------------------------------------------------------------------------------------------------
delayCorner_fast:hold.early       82.0          63.2           69.2          68.2       ignored          -      ignored          -
delayCorner_fast:hold.late        95.6          73.8           76.3          75.3       ignored          -      ignored          -
delayCorner_slow:setup.early      82.0          63.2           69.2          68.2       ignored          -      ignored          -
delayCorner_slow:setup.late       95.6          73.8           76.3          75.3       explicit      100.0     explicit      100.0
---------------------------------------------------------------------------------------------------------------------------------------

* - indicates that target was not met.

auto extracted - target was extracted from SDC.
auto computed - target was computed when balancing trees.


