###############################################################
#  Generated by:      Cadence Innovus 17.12-s095_1
#  OS:                Linux x86_64(Host ID nc-asu6-l02.apporto.com)
#  Generated on:      Tue May  5 03:22:08 2026
#  Design:            GCN
#  Command:           report_timing -early -max_paths 3 > hold_top3.rpt
###############################################################
Path 1: VIOLATED Hold Check with Pin weight_store_reg_1__82__0_/CLK 
Endpoint:   weight_store_reg_1__82__0_/D (v) checked with  leading edge of 'clk'
Beginpoint: data_in[65]                  (v) triggered by  leading edge of 'clk'
Path Groups: {in2reg}
Analysis View: default_hold_view
Other End Arrival Time         40.200
+ Hold                         13.272
+ Phase Shift                   0.000
= Required Time                53.482
  Arrival Time                 28.600
  Slack Time                  -24.882
     Clock Rise Edge                      0.000
     + Input Delay                        0.100
     + Drive Adjustment                   4.600
     = Beginpoint Arrival Time            4.700
     +-----------------------------------------------------------------------------------------------------+ 
     |          Instance          |      Arc      |           Cell           |  Delay | Arrival | Required | 
     |                            |               |                          |        |  Time   |   Time   | 
     |----------------------------+---------------+--------------------------+--------+---------+----------| 
     |                            | data_in[65] v |                          |        |   4.700 |   29.582 | 
     | U28270                     | A v -> Y ^    | NAND2xp33_ASAP7_75t_R    | 14.700 |  19.400 |   44.282 | 
     | U28271                     | B ^ -> Y v    | OAI21xp33_ASAP7_75t_R    |  9.200 |  28.600 |   53.482 | 
     | weight_store_reg_1__82__0_ | D v           | ASYNC_DFFHx1_ASAP7_75t_R |  0.000 |  28.600 |   53.482 | 
     +-----------------------------------------------------------------------------------------------------+ 
Path 2: VIOLATED Hold Check with Pin weight_store_reg_0__83__1_/CLK 
Endpoint:   weight_store_reg_0__83__1_/D (v) checked with  leading edge of 'clk'
Beginpoint: data_in[61]                  (v) triggered by  leading edge of 'clk'
Path Groups: {in2reg}
Analysis View: default_hold_view
Other End Arrival Time         41.700
+ Hold                          9.864
+ Phase Shift                   0.000
= Required Time                51.574
  Arrival Time                 28.300
  Slack Time                  -23.274
     Clock Rise Edge                      0.000
     + Input Delay                        0.100
     + Drive Adjustment                   4.600
     = Beginpoint Arrival Time            4.700
     +-----------------------------------------------------------------------------------------------------+ 
     |          Instance          |      Arc      |           Cell           |  Delay | Arrival | Required | 
     |                            |               |                          |        |  Time   |   Time   | 
     |----------------------------+---------------+--------------------------+--------+---------+----------| 
     |                            | data_in[61] v |                          |        |   4.700 |   27.974 | 
     | U30607                     | B v -> Y ^    | NAND2xp33_ASAP7_75t_R    | 13.200 |  17.900 |   41.174 | 
     | U30608                     | B ^ -> Y v    | OAI21xp33_ASAP7_75t_R    | 10.400 |  28.300 |   51.574 | 
     | weight_store_reg_0__83__1_ | D v           | ASYNC_DFFHx1_ASAP7_75t_R |  0.000 |  28.300 |   51.574 | 
     +-----------------------------------------------------------------------------------------------------+ 
Path 3: VIOLATED Hold Check with Pin weight_store_reg_0__55__0_/CLK 
Endpoint:   weight_store_reg_0__55__0_/D (v) checked with  leading edge of 'clk'
Beginpoint: data_in[200]                 (v) triggered by  leading edge of 'clk'
Path Groups: {in2reg}
Analysis View: default_hold_view
Other End Arrival Time         37.100
+ Hold                          7.674
+ Phase Shift                   0.000
= Required Time                44.784
  Arrival Time                 22.500
  Slack Time                  -22.284
     Clock Rise Edge                      0.000
     + Input Delay                        0.100
     + Drive Adjustment                   4.100
     = Beginpoint Arrival Time            4.200
     +-----------------------------------------------------------------------------------------------------+ 
     |          Instance          |      Arc       |           Cell           | Delay | Arrival | Required | 
     |                            |                |                          |       |  Time   |   Time   | 
     |----------------------------+----------------+--------------------------+-------+---------+----------| 
     |                            | data_in[200] v |                          |       |   4.200 |   26.484 | 
     | U29265                     | B v -> Y ^     | NAND2xp33_ASAP7_75t_R    | 9.100 |  13.300 |   35.584 | 
     | U29266                     | B ^ -> Y v     | OAI21xp33_ASAP7_75t_R    | 9.200 |  22.500 |   44.784 | 
     | weight_store_reg_0__55__0_ | D v            | ASYNC_DFFHx1_ASAP7_75t_R | 0.000 |  22.500 |   44.784 | 
     +-----------------------------------------------------------------------------------------------------+ 

