###############################################################
#  Generated by:      Cadence Innovus 17.12-s095_1
#  OS:                Linux x86_64(Host ID nc-asu6-l02.apporto.com)
#  Generated on:      Tue May  5 03:22:28 2026
#  Design:            GCN
#  Command:           report_timing -late -max_paths 3 > setup_top3.rpt
###############################################################
Path 1: MET Setup Check with Pin fm_wm_reg_3__0__31_/CLK 
Endpoint:   fm_wm_reg_3__0__31_/D (^) checked with  leading edge of 'clk'
Beginpoint: k_cnt_reg_6_/QN       (v) triggered by  leading edge of 'clk'
Path Groups: {reg2reg}
Analysis View: default_setup_view
Other End Arrival Time         90.400
- Setup                         6.309
+ Phase Shift                 1500.000
= Required Time               1584.081
- Arrival Time                1519.964
= Slack Time                   64.116
     Clock Rise Edge                 0.000
     + Clock Network Latency (Prop)  11.465
     = Beginpoint Arrival Time       11.465
     +------------------------------------------------------------------------------------------------------+ 
     |          Instance          |      Arc      |           Cell           |  Delay |  Arrival | Required | 
     |                            |               |                          |        |   Time   |   Time   | 
     |----------------------------+---------------+--------------------------+--------+----------+----------| 
     | k_cnt_reg_6_               | CLK ^         |                          |        |   11.465 |   75.582 | 
     | k_cnt_reg_6_               | CLK ^ -> QN v | ASYNC_DFFHx1_ASAP7_75t_R | 47.200 |   58.665 |  122.782 | 
     | FE_OCPC2057_n26071         | A v -> Y v    | BUFx3_ASAP7_75t_R        | 17.800 |   76.465 |  140.582 | 
     | FE_OFC110_n26071           | A v -> Y ^    | INVx4_ASAP7_75t_R        |  6.400 |   82.865 |  146.982 | 
     | FE_OFC123_n26071           | A ^ -> Y v    | INVx2_ASAP7_75t_R        |  9.600 |   92.465 |  156.582 | 
     | U27278                     | A v -> Y ^    | INVx2_ASAP7_75t_R        | 16.100 |  108.565 |  172.682 | 
     | U27279                     | A ^ -> Y ^    | OR2x2_ASAP7_75t_R        | 22.400 |  130.965 |  195.082 | 
     | FE_OFC0_n36601             | A ^ -> Y v    | INVx4_ASAP7_75t_R        |  9.100 |  140.065 |  204.182 | 
     | FE_OFC5_n36601             | A v -> Y ^    | INVxp67_ASAP7_75t_R      | 45.300 |  185.365 |  249.482 | 
     | FE_OFC1950_n36601          | A ^ -> Y ^    | HB1xp67_ASAP7_75t_R      | 53.900 |  239.265 |  303.382 | 
     | FE_OFC1951_n36601          | A ^ -> Y ^    | HB1xp67_ASAP7_75t_R      | 58.900 |  298.165 |  362.282 | 
     | FE_OFC1952_n36601          | A ^ -> Y ^    | HB1xp67_ASAP7_75t_R      | 63.900 |  362.065 |  426.182 | 
     | U38474                     | B ^ -> Y v    | NOR2xp33_ASAP7_75t_R     | 20.000 |  382.065 |  446.182 | 
     | U38476                     | A v -> Y ^    | NOR2xp33_ASAP7_75t_R     | 13.900 |  395.965 |  460.082 | 
     | U38477                     | B ^ -> Y v    | OAI21xp33_ASAP7_75t_R    | 22.500 |  418.465 |  482.582 | 
     | U38478                     | B v -> Y ^    | NAND2xp5_ASAP7_75t_R     | 96.500 |  514.965 |  579.081 | 
     | U41909                     | B ^ -> Y v    | NOR2xp33_ASAP7_75t_R     | 67.400 |  582.365 |  646.482 | 
     | DP_OP_5659J1_154_5866_U923 | B v -> CON ^  | FAx1_ASAP7_75t_R         | 39.900 |  622.265 |  686.381 | 
     | DP_OP_5659J1_154_5866_U891 | CI ^ -> SN ^  | FAx1_ASAP7_75t_R         | 54.600 |  676.865 |  740.982 | 
     | DP_OP_5659J1_154_5866_U882 | CI ^ -> CON v | FAx1_ASAP7_75t_R         | 27.800 |  704.665 |  768.781 | 
     | DP_OP_5659J1_154_5866_U815 | CI v -> CON ^ | FAx1_ASAP7_75t_R         | 26.300 |  730.965 |  795.081 | 
     | DP_OP_5659J1_154_5866_U725 | CI ^ -> CON v | FAx1_ASAP7_75t_R         | 32.300 |  763.265 |  827.381 | 
     | DP_OP_5659J1_154_5866_U598 | B v -> CON ^  | FAx1_ASAP7_75t_R         | 36.900 |  800.165 |  864.281 | 
     | DP_OP_5659J1_154_5866_U598 | CON ^ -> SN v | FAx1_ASAP7_75t_R         | 23.500 |  823.665 |  887.781 | 
     | DP_OP_5659J1_154_5866_U591 | A v -> SN v   | FAx1_ASAP7_75t_R         | 64.300 |  887.965 |  952.081 | 
     | U37643                     | B v -> Y v    | XOR2xp5_ASAP7_75t_R      | 24.200 |  912.165 |  976.281 | 
     | U37644                     | A v -> Y ^    | XNOR2xp5_ASAP7_75t_R     | 20.500 |  932.665 |  996.781 | 
     | DP_OP_5659J1_154_5866_U586 | CI ^ -> CON v | FAx1_ASAP7_75t_R         | 38.500 |  971.165 | 1035.281 | 
     | DP_OP_5659J1_154_5866_U586 | CON v -> SN ^ | FAx1_ASAP7_75t_R         | 28.100 |  999.265 | 1063.381 | 
     | DP_OP_5659J1_154_5866_U104 | CI ^ -> CON v | FAx1_ASAP7_75t_R         | 19.900 | 1019.165 | 1083.281 | 
     | U26191                     | A v -> Y ^    | INVxp33_ASAP7_75t_R      | 50.900 | 1070.065 | 1134.181 | 
     | U26718                     | A ^ -> Y ^    | MAJx2_ASAP7_75t_R        | 36.800 | 1106.865 | 1170.981 | 
     | DP_OP_5659J1_154_5866_U96  | CI ^ -> CON v | FAx1_ASAP7_75t_R         | 18.800 | 1125.665 | 1189.781 | 
     | DP_OP_5659J1_154_5866_U95  | A v -> CON ^  | FAx1_ASAP7_75t_R         | 29.300 | 1154.965 | 1219.081 | 
     | U27469                     | A ^ -> Y v    | MAJIxp5_ASAP7_75t_R      | 21.800 | 1176.765 | 1240.881 | 
     | U27470                     | A v -> Y ^    | MAJIxp5_ASAP7_75t_R      | 23.700 | 1200.465 | 1264.581 | 
     | U27471                     | A2 ^ -> Y ^   | AO21x2_ASAP7_75t_R       | 23.800 | 1224.265 | 1288.381 | 
     | FE_RC_89_0                 | A2 ^ -> Y v   | OAI21x1_ASAP7_75t_R      | 10.600 | 1234.865 | 1298.981 | 
     | U27357                     | A2 v -> Y v   | AO21x1_ASAP7_75t_R       | 19.200 | 1254.065 | 1318.181 | 
     | U27358                     | A2 v -> Y v   | AO21x2_ASAP7_75t_R       | 19.700 | 1273.765 | 1337.881 | 
     | U27359                     | A v -> Y ^    | MAJIxp5_ASAP7_75t_R      | 18.000 | 1291.765 | 1355.881 | 
     | U26693                     | B ^ -> Y v    | NOR2x1p5_ASAP7_75t_R     | 16.000 | 1307.765 | 1371.881 | 
     | U26106                     | B v -> Y ^    | NAND2x2_ASAP7_75t_R      | 11.000 | 1318.765 | 1382.881 | 
     | U26088                     | B ^ -> Y v    | NOR2x2_ASAP7_75t_R       | 11.800 | 1330.565 | 1394.681 | 
     | U26047                     | B v -> Y ^    | NAND2x1p5_ASAP7_75t_R    | 11.800 | 1342.365 | 1406.481 | 
     | U26004                     | B ^ -> Y v    | NOR2x2_ASAP7_75t_R       | 12.900 | 1355.264 | 1419.381 | 
     | U25903                     | B v -> Y ^    | NAND2x2_ASAP7_75t_R      | 11.600 | 1366.864 | 1430.981 | 
     | U25828                     | B ^ -> Y v    | NOR2x1p5_ASAP7_75t_R     | 15.500 | 1382.364 | 1446.481 | 
     | U25744                     | B v -> Y ^    | NAND2x1p5_ASAP7_75t_R    | 13.200 | 1395.564 | 1459.681 | 
     | U25714                     | B ^ -> Y v    | NOR2x1p5_ASAP7_75t_R     | 13.300 | 1408.864 | 1472.981 | 
     | U25700                     | B v -> Y ^    | NAND2x1p5_ASAP7_75t_R    | 11.400 | 1420.264 | 1484.381 | 
     | U27360                     | B ^ -> Y v    | NOR2x1p5_ASAP7_75t_R     | 13.600 | 1433.864 | 1497.981 | 
     | U27361                     | B v -> Y ^    | NAND2x1p5_ASAP7_75t_R    | 15.000 | 1448.864 | 1512.981 | 
     | U27362                     | A ^ -> Y v    | NOR3xp33_ASAP7_75t_R     | 10.600 | 1459.464 | 1523.581 | 
     | U27363                     | C v -> Y ^    | O2A1O1Ixp33_ASAP7_75t_R  | 15.100 | 1474.564 | 1538.681 | 
     | FE_OCPC2067_n37345         | A ^ -> Y ^    | BUFx2_ASAP7_75t_R        | 21.800 | 1496.364 | 1560.481 | 
     | U27369                     | B ^ -> Y v    | NAND2xp33_ASAP7_75t_R    |  9.600 | 1505.964 | 1570.081 | 
     | U25655                     | B v -> Y ^    | NAND2xp33_ASAP7_75t_R    | 14.000 | 1519.964 | 1584.081 | 
     | fm_wm_reg_3__0__31_        | D ^           | ASYNC_DFFHx1_ASAP7_75t_R |  0.000 | 1519.964 | 1584.081 | 
     +------------------------------------------------------------------------------------------------------+ 
Path 2: MET Setup Check with Pin fm_wm_reg_5__0__31_/CLK 
Endpoint:   fm_wm_reg_5__0__31_/D (^) checked with  leading edge of 'clk'
Beginpoint: k_cnt_reg_6_/QN       (v) triggered by  leading edge of 'clk'
Path Groups: {reg2reg}
Analysis View: default_setup_view
Other End Arrival Time         89.700
- Setup                         8.685
+ Phase Shift                 1500.000
= Required Time               1581.005
- Arrival Time                1515.064
= Slack Time                   65.941
     Clock Rise Edge                 0.000
     + Clock Network Latency (Prop)  11.465
     = Beginpoint Arrival Time       11.465
     +------------------------------------------------------------------------------------------------------+ 
     |          Instance          |      Arc      |           Cell           |  Delay |  Arrival | Required | 
     |                            |               |                          |        |   Time   |   Time   | 
     |----------------------------+---------------+--------------------------+--------+----------+----------| 
     | k_cnt_reg_6_               | CLK ^         |                          |        |   11.465 |   77.406 | 
     | k_cnt_reg_6_               | CLK ^ -> QN v | ASYNC_DFFHx1_ASAP7_75t_R | 47.200 |   58.665 |  124.606 | 
     | FE_OCPC2057_n26071         | A v -> Y v    | BUFx3_ASAP7_75t_R        | 17.800 |   76.465 |  142.406 | 
     | FE_OFC110_n26071           | A v -> Y ^    | INVx4_ASAP7_75t_R        |  6.400 |   82.865 |  148.806 | 
     | FE_OFC123_n26071           | A ^ -> Y v    | INVx2_ASAP7_75t_R        |  9.600 |   92.465 |  158.406 | 
     | U27278                     | A v -> Y ^    | INVx2_ASAP7_75t_R        | 16.100 |  108.565 |  174.506 | 
     | U27279                     | A ^ -> Y ^    | OR2x2_ASAP7_75t_R        | 22.400 |  130.965 |  196.906 | 
     | FE_OFC0_n36601             | A ^ -> Y v    | INVx4_ASAP7_75t_R        |  9.100 |  140.065 |  206.006 | 
     | FE_OFC5_n36601             | A v -> Y ^    | INVxp67_ASAP7_75t_R      | 45.300 |  185.365 |  251.306 | 
     | FE_OFC1950_n36601          | A ^ -> Y ^    | HB1xp67_ASAP7_75t_R      | 53.900 |  239.265 |  305.206 | 
     | FE_OFC1951_n36601          | A ^ -> Y ^    | HB1xp67_ASAP7_75t_R      | 58.900 |  298.165 |  364.106 | 
     | FE_OFC1952_n36601          | A ^ -> Y ^    | HB1xp67_ASAP7_75t_R      | 63.900 |  362.065 |  428.006 | 
     | U38474                     | B ^ -> Y v    | NOR2xp33_ASAP7_75t_R     | 20.000 |  382.065 |  448.006 | 
     | U38476                     | A v -> Y ^    | NOR2xp33_ASAP7_75t_R     | 13.900 |  395.965 |  461.906 | 
     | U38477                     | B ^ -> Y v    | OAI21xp33_ASAP7_75t_R    | 22.500 |  418.465 |  484.406 | 
     | U38478                     | B v -> Y ^    | NAND2xp5_ASAP7_75t_R     | 96.500 |  514.965 |  580.906 | 
     | U41909                     | B ^ -> Y v    | NOR2xp33_ASAP7_75t_R     | 67.400 |  582.365 |  648.306 | 
     | DP_OP_5659J1_154_5866_U923 | B v -> CON ^  | FAx1_ASAP7_75t_R         | 39.900 |  622.265 |  688.206 | 
     | DP_OP_5659J1_154_5866_U891 | CI ^ -> SN ^  | FAx1_ASAP7_75t_R         | 54.600 |  676.865 |  742.806 | 
     | DP_OP_5659J1_154_5866_U882 | CI ^ -> CON v | FAx1_ASAP7_75t_R         | 27.800 |  704.665 |  770.606 | 
     | DP_OP_5659J1_154_5866_U815 | CI v -> CON ^ | FAx1_ASAP7_75t_R         | 26.300 |  730.965 |  796.906 | 
     | DP_OP_5659J1_154_5866_U725 | CI ^ -> CON v | FAx1_ASAP7_75t_R         | 32.300 |  763.265 |  829.206 | 
     | DP_OP_5659J1_154_5866_U598 | B v -> CON ^  | FAx1_ASAP7_75t_R         | 36.900 |  800.165 |  866.106 | 
     | DP_OP_5659J1_154_5866_U598 | CON ^ -> SN v | FAx1_ASAP7_75t_R         | 23.500 |  823.665 |  889.606 | 
     | DP_OP_5659J1_154_5866_U591 | A v -> SN v   | FAx1_ASAP7_75t_R         | 64.300 |  887.965 |  953.906 | 
     | U37643                     | B v -> Y v    | XOR2xp5_ASAP7_75t_R      | 24.200 |  912.165 |  978.106 | 
     | U37644                     | A v -> Y ^    | XNOR2xp5_ASAP7_75t_R     | 20.500 |  932.665 |  998.606 | 
     | DP_OP_5659J1_154_5866_U586 | CI ^ -> CON v | FAx1_ASAP7_75t_R         | 38.500 |  971.165 | 1037.106 | 
     | DP_OP_5659J1_154_5866_U586 | CON v -> SN ^ | FAx1_ASAP7_75t_R         | 28.100 |  999.265 | 1065.206 | 
     | DP_OP_5659J1_154_5866_U104 | CI ^ -> CON v | FAx1_ASAP7_75t_R         | 19.900 | 1019.165 | 1085.106 | 
     | U26191                     | A v -> Y ^    | INVxp33_ASAP7_75t_R      | 50.900 | 1070.065 | 1136.006 | 
     | U26718                     | A ^ -> Y ^    | MAJx2_ASAP7_75t_R        | 36.800 | 1106.865 | 1172.806 | 
     | DP_OP_5659J1_154_5866_U96  | CI ^ -> CON v | FAx1_ASAP7_75t_R         | 18.800 | 1125.665 | 1191.606 | 
     | DP_OP_5659J1_154_5866_U95  | A v -> CON ^  | FAx1_ASAP7_75t_R         | 29.300 | 1154.965 | 1220.906 | 
     | U27469                     | A ^ -> Y v    | MAJIxp5_ASAP7_75t_R      | 21.800 | 1176.765 | 1242.706 | 
     | U27470                     | A v -> Y ^    | MAJIxp5_ASAP7_75t_R      | 23.700 | 1200.465 | 1266.406 | 
     | U27471                     | A2 ^ -> Y ^   | AO21x2_ASAP7_75t_R       | 23.800 | 1224.265 | 1290.206 | 
     | FE_RC_89_0                 | A2 ^ -> Y v   | OAI21x1_ASAP7_75t_R      | 10.600 | 1234.865 | 1300.806 | 
     | U27357                     | A2 v -> Y v   | AO21x1_ASAP7_75t_R       | 19.200 | 1254.065 | 1320.005 | 
     | U27358                     | A2 v -> Y v   | AO21x2_ASAP7_75t_R       | 19.700 | 1273.765 | 1339.705 | 
     | U27359                     | A v -> Y ^    | MAJIxp5_ASAP7_75t_R      | 18.000 | 1291.765 | 1357.705 | 
     | U26693                     | B ^ -> Y v    | NOR2x1p5_ASAP7_75t_R     | 16.000 | 1307.765 | 1373.705 | 
     | U26106                     | B v -> Y ^    | NAND2x2_ASAP7_75t_R      | 11.000 | 1318.765 | 1384.705 | 
     | U26088                     | B ^ -> Y v    | NOR2x2_ASAP7_75t_R       | 11.800 | 1330.565 | 1396.505 | 
     | U26047                     | B v -> Y ^    | NAND2x1p5_ASAP7_75t_R    | 11.800 | 1342.365 | 1408.305 | 
     | U26004                     | B ^ -> Y v    | NOR2x2_ASAP7_75t_R       | 12.900 | 1355.264 | 1421.205 | 
     | U25903                     | B v -> Y ^    | NAND2x2_ASAP7_75t_R      | 11.600 | 1366.864 | 1432.805 | 
     | U25828                     | B ^ -> Y v    | NOR2x1p5_ASAP7_75t_R     | 15.500 | 1382.364 | 1448.305 | 
     | U25744                     | B v -> Y ^    | NAND2x1p5_ASAP7_75t_R    | 13.200 | 1395.564 | 1461.505 | 
     | U25714                     | B ^ -> Y v    | NOR2x1p5_ASAP7_75t_R     | 13.300 | 1408.864 | 1474.805 | 
     | U25700                     | B v -> Y ^    | NAND2x1p5_ASAP7_75t_R    | 11.400 | 1420.264 | 1486.205 | 
     | U27360                     | B ^ -> Y v    | NOR2x1p5_ASAP7_75t_R     | 13.600 | 1433.864 | 1499.805 | 
     | U27361                     | B v -> Y ^    | NAND2x1p5_ASAP7_75t_R    | 15.000 | 1448.864 | 1514.805 | 
     | U27362                     | A ^ -> Y v    | NOR3xp33_ASAP7_75t_R     | 10.600 | 1459.464 | 1525.405 | 
     | U27363                     | C v -> Y ^    | O2A1O1Ixp33_ASAP7_75t_R  | 15.100 | 1474.564 | 1540.505 | 
     | FE_OCPC2068_n37345         | A ^ -> Y ^    | BUFx2_ASAP7_75t_R        | 19.100 | 1493.664 | 1559.605 | 
     | U38710                     | B ^ -> Y v    | NAND2xp33_ASAP7_75t_R    |  8.500 | 1502.164 | 1568.105 | 
     | U38711                     | B v -> Y ^    | OAI21xp33_ASAP7_75t_R    | 12.800 | 1514.964 | 1580.905 | 
     | fm_wm_reg_5__0__31_        | D ^           | ASYNC_DFFHx1_ASAP7_75t_R |  0.100 | 1515.064 | 1581.005 | 
     +------------------------------------------------------------------------------------------------------+ 
Path 3: MET Setup Check with Pin fm_wm_reg_2__0__31_/CLK 
Endpoint:   fm_wm_reg_2__0__31_/D (^) checked with  leading edge of 'clk'
Beginpoint: k_cnt_reg_6_/QN       (v) triggered by  leading edge of 'clk'
Path Groups: {reg2reg}
Analysis View: default_setup_view
Other End Arrival Time         94.600
- Setup                         7.850
+ Phase Shift                 1500.000
= Required Time               1586.740
- Arrival Time                1519.664
= Slack Time                   67.075
     Clock Rise Edge                 0.000
     + Clock Network Latency (Prop)  11.465
     = Beginpoint Arrival Time       11.465
     +------------------------------------------------------------------------------------------------------+ 
     |          Instance          |      Arc      |           Cell           |  Delay |  Arrival | Required | 
     |                            |               |                          |        |   Time   |   Time   | 
     |----------------------------+---------------+--------------------------+--------+----------+----------| 
     | k_cnt_reg_6_               | CLK ^         |                          |        |   11.465 |   78.540 | 
     | k_cnt_reg_6_               | CLK ^ -> QN v | ASYNC_DFFHx1_ASAP7_75t_R | 47.200 |   58.665 |  125.740 | 
     | FE_OCPC2057_n26071         | A v -> Y v    | BUFx3_ASAP7_75t_R        | 17.800 |   76.465 |  143.540 | 
     | FE_OFC110_n26071           | A v -> Y ^    | INVx4_ASAP7_75t_R        |  6.400 |   82.865 |  149.940 | 
     | FE_OFC123_n26071           | A ^ -> Y v    | INVx2_ASAP7_75t_R        |  9.600 |   92.465 |  159.540 | 
     | U27278                     | A v -> Y ^    | INVx2_ASAP7_75t_R        | 16.100 |  108.565 |  175.640 | 
     | U27279                     | A ^ -> Y ^    | OR2x2_ASAP7_75t_R        | 22.400 |  130.965 |  198.040 | 
     | FE_OFC0_n36601             | A ^ -> Y v    | INVx4_ASAP7_75t_R        |  9.100 |  140.065 |  207.140 | 
     | FE_OFC5_n36601             | A v -> Y ^    | INVxp67_ASAP7_75t_R      | 45.300 |  185.365 |  252.440 | 
     | FE_OFC1950_n36601          | A ^ -> Y ^    | HB1xp67_ASAP7_75t_R      | 53.900 |  239.265 |  306.340 | 
     | FE_OFC1951_n36601          | A ^ -> Y ^    | HB1xp67_ASAP7_75t_R      | 58.900 |  298.165 |  365.240 | 
     | FE_OFC1952_n36601          | A ^ -> Y ^    | HB1xp67_ASAP7_75t_R      | 63.900 |  362.065 |  429.140 | 
     | U38474                     | B ^ -> Y v    | NOR2xp33_ASAP7_75t_R     | 20.000 |  382.065 |  449.140 | 
     | U38476                     | A v -> Y ^    | NOR2xp33_ASAP7_75t_R     | 13.900 |  395.965 |  463.040 | 
     | U38477                     | B ^ -> Y v    | OAI21xp33_ASAP7_75t_R    | 22.500 |  418.465 |  485.540 | 
     | U38478                     | B v -> Y ^    | NAND2xp5_ASAP7_75t_R     | 96.500 |  514.965 |  582.040 | 
     | U41909                     | B ^ -> Y v    | NOR2xp33_ASAP7_75t_R     | 67.400 |  582.365 |  649.440 | 
     | DP_OP_5659J1_154_5866_U923 | B v -> CON ^  | FAx1_ASAP7_75t_R         | 39.900 |  622.265 |  689.340 | 
     | DP_OP_5659J1_154_5866_U891 | CI ^ -> SN ^  | FAx1_ASAP7_75t_R         | 54.600 |  676.865 |  743.940 | 
     | DP_OP_5659J1_154_5866_U882 | CI ^ -> CON v | FAx1_ASAP7_75t_R         | 27.800 |  704.665 |  771.740 | 
     | DP_OP_5659J1_154_5866_U815 | CI v -> CON ^ | FAx1_ASAP7_75t_R         | 26.300 |  730.965 |  798.040 | 
     | DP_OP_5659J1_154_5866_U725 | CI ^ -> CON v | FAx1_ASAP7_75t_R         | 32.300 |  763.265 |  830.340 | 
     | DP_OP_5659J1_154_5866_U598 | B v -> CON ^  | FAx1_ASAP7_75t_R         | 36.900 |  800.165 |  867.240 | 
     | DP_OP_5659J1_154_5866_U598 | CON ^ -> SN v | FAx1_ASAP7_75t_R         | 23.500 |  823.665 |  890.740 | 
     | DP_OP_5659J1_154_5866_U591 | A v -> SN v   | FAx1_ASAP7_75t_R         | 64.300 |  887.965 |  955.040 | 
     | U37643                     | B v -> Y v    | XOR2xp5_ASAP7_75t_R      | 24.200 |  912.165 |  979.240 | 
     | U37644                     | A v -> Y ^    | XNOR2xp5_ASAP7_75t_R     | 20.500 |  932.665 |  999.740 | 
     | DP_OP_5659J1_154_5866_U586 | CI ^ -> CON v | FAx1_ASAP7_75t_R         | 38.500 |  971.165 | 1038.240 | 
     | DP_OP_5659J1_154_5866_U586 | CON v -> SN ^ | FAx1_ASAP7_75t_R         | 28.100 |  999.265 | 1066.340 | 
     | DP_OP_5659J1_154_5866_U104 | CI ^ -> CON v | FAx1_ASAP7_75t_R         | 19.900 | 1019.165 | 1086.240 | 
     | U26191                     | A v -> Y ^    | INVxp33_ASAP7_75t_R      | 50.900 | 1070.065 | 1137.140 | 
     | U26718                     | A ^ -> Y ^    | MAJx2_ASAP7_75t_R        | 36.800 | 1106.865 | 1173.940 | 
     | DP_OP_5659J1_154_5866_U96  | CI ^ -> CON v | FAx1_ASAP7_75t_R         | 18.800 | 1125.665 | 1192.740 | 
     | DP_OP_5659J1_154_5866_U95  | A v -> CON ^  | FAx1_ASAP7_75t_R         | 29.300 | 1154.965 | 1222.040 | 
     | U27469                     | A ^ -> Y v    | MAJIxp5_ASAP7_75t_R      | 21.800 | 1176.765 | 1243.840 | 
     | U27470                     | A v -> Y ^    | MAJIxp5_ASAP7_75t_R      | 23.700 | 1200.465 | 1267.540 | 
     | U27471                     | A2 ^ -> Y ^   | AO21x2_ASAP7_75t_R       | 23.800 | 1224.265 | 1291.340 | 
     | FE_RC_89_0                 | A2 ^ -> Y v   | OAI21x1_ASAP7_75t_R      | 10.600 | 1234.865 | 1301.940 | 
     | U27357                     | A2 v -> Y v   | AO21x1_ASAP7_75t_R       | 19.200 | 1254.065 | 1321.140 | 
     | U27358                     | A2 v -> Y v   | AO21x2_ASAP7_75t_R       | 19.700 | 1273.765 | 1340.840 | 
     | U27359                     | A v -> Y ^    | MAJIxp5_ASAP7_75t_R      | 18.000 | 1291.765 | 1358.840 | 
     | U26693                     | B ^ -> Y v    | NOR2x1p5_ASAP7_75t_R     | 16.000 | 1307.765 | 1374.840 | 
     | U26106                     | B v -> Y ^    | NAND2x2_ASAP7_75t_R      | 11.000 | 1318.765 | 1385.840 | 
     | U26088                     | B ^ -> Y v    | NOR2x2_ASAP7_75t_R       | 11.800 | 1330.565 | 1397.640 | 
     | U26047                     | B v -> Y ^    | NAND2x1p5_ASAP7_75t_R    | 11.800 | 1342.365 | 1409.440 | 
     | U26004                     | B ^ -> Y v    | NOR2x2_ASAP7_75t_R       | 12.900 | 1355.264 | 1422.340 | 
     | U25903                     | B v -> Y ^    | NAND2x2_ASAP7_75t_R      | 11.600 | 1366.864 | 1433.940 | 
     | U25828                     | B ^ -> Y v    | NOR2x1p5_ASAP7_75t_R     | 15.500 | 1382.364 | 1449.440 | 
     | U25744                     | B v -> Y ^    | NAND2x1p5_ASAP7_75t_R    | 13.200 | 1395.564 | 1462.640 | 
     | U25714                     | B ^ -> Y v    | NOR2x1p5_ASAP7_75t_R     | 13.300 | 1408.864 | 1475.940 | 
     | U25700                     | B v -> Y ^    | NAND2x1p5_ASAP7_75t_R    | 11.400 | 1420.264 | 1487.340 | 
     | U27360                     | B ^ -> Y v    | NOR2x1p5_ASAP7_75t_R     | 13.600 | 1433.864 | 1500.940 | 
     | U27361                     | B v -> Y ^    | NAND2x1p5_ASAP7_75t_R    | 15.000 | 1448.864 | 1515.940 | 
     | U27362                     | A ^ -> Y v    | NOR3xp33_ASAP7_75t_R     | 10.600 | 1459.464 | 1526.540 | 
     | U27363                     | C v -> Y ^    | O2A1O1Ixp33_ASAP7_75t_R  | 15.100 | 1474.564 | 1541.640 | 
     | FE_OCPC2067_n37345         | A ^ -> Y ^    | BUFx2_ASAP7_75t_R        | 21.800 | 1496.364 | 1563.440 | 
     | U38608                     | B ^ -> Y v    | NAND2xp33_ASAP7_75t_R    | 10.700 | 1507.064 | 1574.140 | 
     | U38609                     | B v -> Y ^    | OAI21xp33_ASAP7_75t_R    | 12.600 | 1519.664 | 1586.740 | 
     | fm_wm_reg_2__0__31_        | D ^           | ASYNC_DFFHx1_ASAP7_75t_R |  0.000 | 1519.664 | 1586.740 | 
     +------------------------------------------------------------------------------------------------------+ 

