###############################################################
#  Generated by:      Cadence Innovus 17.12-s095_1
#  OS:                Linux x86_64(Host ID nc-asu6-l02.apporto.com)
#  Generated on:      Tue May  5 03:17:29 2026
#  Design:            GCN
#  Command:           report_timing > timing.rpt
###############################################################
Path 1: MET Setup Check with Pin fm_wm_reg_3__0__31_/CLK 
Endpoint:   fm_wm_reg_3__0__31_/D (^) checked with  leading edge of 'clk'
Beginpoint: k_cnt_reg_6_/QN       (v) triggered by  leading edge of 'clk'
Path Groups: {reg2reg}
Analysis View: default_setup_view
Other End Arrival Time         90.400
- Setup                         6.309
+ Phase Shift                 1500.000
= Required Time               1584.081
- Arrival Time                1519.964
= Slack Time                   64.116
     Clock Rise Edge                 0.000
     + Clock Network Latency (Prop)  11.465
     = Beginpoint Arrival Time       11.465
     +------------------------------------------------------------------------------------------------------+ 
     |          Instance          |      Arc      |           Cell           |  Delay |  Arrival | Required | 
     |                            |               |                          |        |   Time   |   Time   | 
     |----------------------------+---------------+--------------------------+--------+----------+----------| 
     | k_cnt_reg_6_               | CLK ^         |                          |        |   11.465 |   75.582 | 
     | k_cnt_reg_6_               | CLK ^ -> QN v | ASYNC_DFFHx1_ASAP7_75t_R | 47.200 |   58.665 |  122.782 | 
     | FE_OCPC2057_n26071         | A v -> Y v    | BUFx3_ASAP7_75t_R        | 17.800 |   76.465 |  140.582 | 
     | FE_OFC110_n26071           | A v -> Y ^    | INVx4_ASAP7_75t_R        |  6.400 |   82.865 |  146.982 | 
     | FE_OFC123_n26071           | A ^ -> Y v    | INVx2_ASAP7_75t_R        |  9.600 |   92.465 |  156.582 | 
     | U27278                     | A v -> Y ^    | INVx2_ASAP7_75t_R        | 16.100 |  108.565 |  172.682 | 
     | U27279                     | A ^ -> Y ^    | OR2x2_ASAP7_75t_R        | 22.400 |  130.965 |  195.082 | 
     | FE_OFC0_n36601             | A ^ -> Y v    | INVx4_ASAP7_75t_R        |  9.100 |  140.065 |  204.182 | 
     | FE_OFC5_n36601             | A v -> Y ^    | INVxp67_ASAP7_75t_R      | 45.300 |  185.365 |  249.482 | 
     | FE_OFC1950_n36601          | A ^ -> Y ^    | HB1xp67_ASAP7_75t_R      | 53.900 |  239.265 |  303.382 | 
     | FE_OFC1951_n36601          | A ^ -> Y ^    | HB1xp67_ASAP7_75t_R      | 58.900 |  298.165 |  362.282 | 
     | FE_OFC1952_n36601          | A ^ -> Y ^    | HB1xp67_ASAP7_75t_R      | 63.900 |  362.065 |  426.182 | 
     | U38474                     | B ^ -> Y v    | NOR2xp33_ASAP7_75t_R     | 20.000 |  382.065 |  446.182 | 
     | U38476                     | A v -> Y ^    | NOR2xp33_ASAP7_75t_R     | 13.900 |  395.965 |  460.082 | 
     | U38477                     | B ^ -> Y v    | OAI21xp33_ASAP7_75t_R    | 22.500 |  418.465 |  482.582 | 
     | U38478                     | B v -> Y ^    | NAND2xp5_ASAP7_75t_R     | 96.500 |  514.965 |  579.081 | 
     | U41909                     | B ^ -> Y v    | NOR2xp33_ASAP7_75t_R     | 67.400 |  582.365 |  646.482 | 
     | DP_OP_5659J1_154_5866_U923 | B v -> CON ^  | FAx1_ASAP7_75t_R         | 39.900 |  622.265 |  686.381 | 
     | DP_OP_5659J1_154_5866_U891 | CI ^ -> SN ^  | FAx1_ASAP7_75t_R         | 54.600 |  676.865 |  740.982 | 
     | DP_OP_5659J1_154_5866_U882 | CI ^ -> CON v | FAx1_ASAP7_75t_R         | 27.800 |  704.665 |  768.781 | 
     | DP_OP_5659J1_154_5866_U815 | CI v -> CON ^ | FAx1_ASAP7_75t_R         | 26.300 |  730.965 |  795.081 | 
     | DP_OP_5659J1_154_5866_U725 | CI ^ -> CON v | FAx1_ASAP7_75t_R         | 32.300 |  763.265 |  827.381 | 
     | DP_OP_5659J1_154_5866_U598 | B v -> CON ^  | FAx1_ASAP7_75t_R         | 36.900 |  800.165 |  864.281 | 
     | DP_OP_5659J1_154_5866_U598 | CON ^ -> SN v | FAx1_ASAP7_75t_R         | 23.500 |  823.665 |  887.781 | 
     | DP_OP_5659J1_154_5866_U591 | A v -> SN v   | FAx1_ASAP7_75t_R         | 64.300 |  887.965 |  952.081 | 
     | U37643                     | B v -> Y v    | XOR2xp5_ASAP7_75t_R      | 24.200 |  912.165 |  976.281 | 
     | U37644                     | A v -> Y ^    | XNOR2xp5_ASAP7_75t_R     | 20.500 |  932.665 |  996.781 | 
     | DP_OP_5659J1_154_5866_U586 | CI ^ -> CON v | FAx1_ASAP7_75t_R         | 38.500 |  971.165 | 1035.281 | 
     | DP_OP_5659J1_154_5866_U586 | CON v -> SN ^ | FAx1_ASAP7_75t_R         | 28.100 |  999.265 | 1063.381 | 
     | DP_OP_5659J1_154_5866_U104 | CI ^ -> CON v | FAx1_ASAP7_75t_R         | 19.900 | 1019.165 | 1083.281 | 
     | U26191                     | A v -> Y ^    | INVxp33_ASAP7_75t_R      | 50.900 | 1070.065 | 1134.181 | 
     | U26718                     | A ^ -> Y ^    | MAJx2_ASAP7_75t_R        | 36.800 | 1106.865 | 1170.981 | 
     | DP_OP_5659J1_154_5866_U96  | CI ^ -> CON v | FAx1_ASAP7_75t_R         | 18.800 | 1125.665 | 1189.781 | 
     | DP_OP_5659J1_154_5866_U95  | A v -> CON ^  | FAx1_ASAP7_75t_R         | 29.300 | 1154.965 | 1219.081 | 
     | U27469                     | A ^ -> Y v    | MAJIxp5_ASAP7_75t_R      | 21.800 | 1176.765 | 1240.881 | 
     | U27470                     | A v -> Y ^    | MAJIxp5_ASAP7_75t_R      | 23.700 | 1200.465 | 1264.581 | 
     | U27471                     | A2 ^ -> Y ^   | AO21x2_ASAP7_75t_R       | 23.800 | 1224.265 | 1288.381 | 
     | FE_RC_89_0                 | A2 ^ -> Y v   | OAI21x1_ASAP7_75t_R      | 10.600 | 1234.865 | 1298.981 | 
     | U27357                     | A2 v -> Y v   | AO21x1_ASAP7_75t_R       | 19.200 | 1254.065 | 1318.181 | 
     | U27358                     | A2 v -> Y v   | AO21x2_ASAP7_75t_R       | 19.700 | 1273.765 | 1337.881 | 
     | U27359                     | A v -> Y ^    | MAJIxp5_ASAP7_75t_R      | 18.000 | 1291.765 | 1355.881 | 
     | U26693                     | B ^ -> Y v    | NOR2x1p5_ASAP7_75t_R     | 16.000 | 1307.765 | 1371.881 | 
     | U26106                     | B v -> Y ^    | NAND2x2_ASAP7_75t_R      | 11.000 | 1318.765 | 1382.881 | 
     | U26088                     | B ^ -> Y v    | NOR2x2_ASAP7_75t_R       | 11.800 | 1330.565 | 1394.681 | 
     | U26047                     | B v -> Y ^    | NAND2x1p5_ASAP7_75t_R    | 11.800 | 1342.365 | 1406.481 | 
     | U26004                     | B ^ -> Y v    | NOR2x2_ASAP7_75t_R       | 12.900 | 1355.264 | 1419.381 | 
     | U25903                     | B v -> Y ^    | NAND2x2_ASAP7_75t_R      | 11.600 | 1366.864 | 1430.981 | 
     | U25828                     | B ^ -> Y v    | NOR2x1p5_ASAP7_75t_R     | 15.500 | 1382.364 | 1446.481 | 
     | U25744                     | B v -> Y ^    | NAND2x1p5_ASAP7_75t_R    | 13.200 | 1395.564 | 1459.681 | 
     | U25714                     | B ^ -> Y v    | NOR2x1p5_ASAP7_75t_R     | 13.300 | 1408.864 | 1472.981 | 
     | U25700                     | B v -> Y ^    | NAND2x1p5_ASAP7_75t_R    | 11.400 | 1420.264 | 1484.381 | 
     | U27360                     | B ^ -> Y v    | NOR2x1p5_ASAP7_75t_R     | 13.600 | 1433.864 | 1497.981 | 
     | U27361                     | B v -> Y ^    | NAND2x1p5_ASAP7_75t_R    | 15.000 | 1448.864 | 1512.981 | 
     | U27362                     | A ^ -> Y v    | NOR3xp33_ASAP7_75t_R     | 10.600 | 1459.464 | 1523.581 | 
     | U27363                     | C v -> Y ^    | O2A1O1Ixp33_ASAP7_75t_R  | 15.100 | 1474.564 | 1538.681 | 
     | FE_OCPC2067_n37345         | A ^ -> Y ^    | BUFx2_ASAP7_75t_R        | 21.800 | 1496.364 | 1560.481 | 
     | U27369                     | B ^ -> Y v    | NAND2xp33_ASAP7_75t_R    |  9.600 | 1505.964 | 1570.081 | 
     | U25655                     | B v -> Y ^    | NAND2xp33_ASAP7_75t_R    | 14.000 | 1519.964 | 1584.081 | 
     | fm_wm_reg_3__0__31_        | D ^           | ASYNC_DFFHx1_ASAP7_75t_R |  0.000 | 1519.964 | 1584.081 | 
     +------------------------------------------------------------------------------------------------------+ 

